{
  "RSpec": {
    "coverage": {
      "/home/vitor/Documents/projects/rails/estante_virtual/app/helpers/application_helper.rb": [
        null,
        null,
        1,
        null
      ],
      "/home/vitor/Documents/projects/rails/estante_virtual/app/helpers/user_helper.rb": [
        null,
        null,
        1,
        null
      ],
      "/home/vitor/Documents/projects/rails/estante_virtual/app/helpers/welcome_helper.rb": [
        null,
        null,
        1,
        null
      ],
      "/home/vitor/Documents/projects/rails/estante_virtual/app/controllers/application_controller.rb": [
        null,
        null,
        null,
        1,
        1,
        1,
        1,
        null,
        null,
        1,
        43,
        null,
        null,
        null,
        null,
        1,
        64,
        null,
        null,
        null,
        1,
        2,
        2,
        null,
        null,
        null,
        1,
        36,
        null,
        null
      ],
      "/home/vitor/Documents/projects/rails/estante_virtual/app/controllers/books_controller.rb": [
        null,
        null,
        null,
        1,
        null,
        1,
        2,
        null,
        null,
        null,
        1,
        3,
        3,
        null,
        3,
        3,
        null,
        0,
        null,
        null,
        null,
        null,
        1,
        2,
        null,
        2,
        2,
        null,
        0,
        null,
        null,
        null,
        null,
        1,
        1,
        null,
        null,
        null,
        1,
        1,
        null,
        null,
        null,
        1,
        null,
        null,
        null,
        1,
        4,
        null,
        null,
        null,
        1,
        1,
        1,
        null,
        1,
        1,
        null,
        0,
        null,
        null,
        null,
        null,
        1,
        1,
        1,
        null,
        1,
        1,
        null,
        0,
        null,
        null,
        null,
        1,
        null,
        null,
        1,
        3,
        null,
        null
      ],
      "/home/vitor/Documents/projects/rails/estante_virtual/app/controllers/reviews_controller.rb": [
        null,
        null,
        null,
        1,
        null,
        1,
        1,
        1,
        null,
        null,
        null,
        1,
        3,
        3,
        3,
        3,
        null,
        0,
        null,
        null,
        null,
        1,
        null,
        null,
        1,
        3,
        null,
        null
      ],
      "/home/vitor/Documents/projects/rails/estante_virtual/app/controllers/users_controller.rb": [
        null,
        null,
        null,
        1,
        1,
        null,
        null,
        1,
        null,
        null,
        null,
        1,
        0,
        null,
        null,
        null,
        1,
        3,
        3,
        3,
        3,
        null,
        0,
        null,
        null,
        null,
        null,
        1,
        3,
        null,
        null,
        null,
        1,
        3,
        3,
        3,
        null,
        0,
        null,
        null,
        null,
        null,
        1,
        null,
        null,
        1,
        null,
        null,
        1,
        3,
        null,
        null
      ],
      "/home/vitor/Documents/projects/rails/estante_virtual/app/controllers/welcome_controller.rb": [
        null,
        null,
        null,
        null,
        1,
        1,
        null,
        null,
        1,
        null,
        null,
        null,
        1,
        9,
        null,
        9,
        6,
        6,
        null,
        3,
        null,
        null,
        null,
        null,
        1,
        2,
        2,
        null,
        null,
        null,
        1,
        9,
        null,
        null
      ],
      "/home/vitor/Documents/projects/rails/estante_virtual/app/models/book.rb": [
        null,
        null,
        null,
        1,
        1,
        1,
        null,
        1,
        null,
        1,
        1,
        1,
        1,
        1,
        51,
        null,
        null,
        1,
        22,
        null,
        null
      ],
      "/home/vitor/Documents/projects/rails/estante_virtual/app/models/application_record.rb": [
        null,
        null,
        null,
        1,
        1,
        null
      ],
      "/home/vitor/Documents/projects/rails/estante_virtual/app/models/review.rb": [
        null,
        null,
        null,
        1,
        1,
        1,
        null,
        1,
        1,
        null,
        1,
        1,
        null
      ],
      "/home/vitor/Documents/projects/rails/estante_virtual/app/models/user.rb": [
        null,
        null,
        null,
        1,
        1,
        1,
        null,
        1,
        1,
        1,
        1,
        null
      ]
    },
    "timestamp": 1530043787
  }
}
